<?xml version="1.0" encoding="UTF-8"?>
<!-- Generated by org.testng.reporters.JUnitXMLReporter -->
<testsuite ignored="0" hostname="LAPTOP-B3BO35C9" failures="5" tests="9" name="Default test" time="42.933" errors="0" timestamp="2025-01-13T09:24:51 AEDT">
  <testcase classname="io.cucumber.testng.AbstractTestNGCucumberTests" name="runScenario" time="16.275"/>
  <testcase classname="io.cucumber.testng.AbstractTestNGCucumberTests" name="runScenario" time="16.432">
    <failure type="java.lang.AssertionError" message="Check In Date is not correct expected [13/01/2025] but found [12/01/2025]">
      <![CDATA[java.lang.AssertionError: Check In Date is not correct expected [13/01/2025] but found [12/01/2025]
at org.testng.Assert.fail(Assert.java:111)
at org.testng.Assert.failNotEquals(Assert.java:1578)
at org.testng.Assert.assertEqualsImpl(Assert.java:150)
at org.testng.Assert.assertEquals(Assert.java:132)
at org.testng.Assert.assertEquals(Assert.java:656)
at stepDefinitions.SearchHotelSteps.the_user_should_see_the_default_value_in_the_check_in_date_field_as_todays_date_in_search_hotel_page(SearchHotelSteps.java:295)
at ✽.the user should see the default value in the Check In Date field as todays date in search hotel page(file:///C:/Users/srava/git/repository2/Adactin_CucumberFramework/src/test/java/features/SearchHotel.feature:48)
]]>
    </failure>
  </testcase> <!-- runScenario -->
  <testcase classname="io.cucumber.testng.AbstractTestNGCucumberTests" name="runScenario" time="16.703"/>
  <testcase classname="io.cucumber.testng.AbstractTestNGCucumberTests" name="runScenario" time="17.892">
    <failure type="java.lang.AssertionError" message="Check Out Date is not correct expected [14/01/2025] but found [13/01/2025]">
      <![CDATA[java.lang.AssertionError: Check Out Date is not correct expected [14/01/2025] but found [13/01/2025]
at org.testng.Assert.fail(Assert.java:111)
at org.testng.Assert.failNotEquals(Assert.java:1578)
at org.testng.Assert.assertEqualsImpl(Assert.java:150)
at org.testng.Assert.assertEquals(Assert.java:132)
at org.testng.Assert.assertEquals(Assert.java:656)
at stepDefinitions.SearchHotelSteps.the_user_should_see_the_default_value_in_the_check_out_date_field_as_tomorrows_date_in_search_hotel_page(SearchHotelSteps.java:303)
at ✽.the user should see the default value in the Check Out Date field as tomorrows date in search hotel page(file:///C:/Users/srava/git/repository2/Adactin_CucumberFramework/src/test/java/features/SearchHotel.feature:51)
]]>
    </failure>
  </testcase> <!-- runScenario -->
  <testcase classname="io.cucumber.testng.AbstractTestNGCucumberTests" name="runScenario" time="20.159">
    <failure type="java.lang.AssertionError" message="expected [13/01/2025] but found [12/01/2025]">
      <![CDATA[java.lang.AssertionError: expected [13/01/2025] but found [12/01/2025]
at org.testng.Assert.fail(Assert.java:111)
at org.testng.Assert.failNotEquals(Assert.java:1578)
at org.testng.Assert.assertEqualsImpl(Assert.java:150)
at org.testng.Assert.assertEquals(Assert.java:132)
at org.testng.Assert.assertEquals(Assert.java:656)
at org.testng.Assert.assertEquals(Assert.java:666)
at stepDefinitions.SearchHotelSteps.all_the_fields_should_be_reset_to_their_default_values_in_search_hotel_page(SearchHotelSteps.java:375)
at ✽.all the fields should be reset to their default values in search hotel page(file:///C:/Users/srava/git/repository2/Adactin_CucumberFramework/src/test/java/features/SearchHotel.feature:69)
]]>
    </failure>
  </testcase> <!-- runScenario -->
  <testcase classname="io.cucumber.testng.AbstractTestNGCucumberTests" name="runScenario" time="22.054"/>
  <testcase classname="io.cucumber.testng.AbstractTestNGCucumberTests" name="runScenario" time="24.176">
    <failure type="java.lang.AssertionError" message="expected [null] but found [4]">
      <![CDATA[java.lang.AssertionError: expected [null] but found [4]
at org.testng.Assert.fail(Assert.java:111)
at org.testng.Assert.failNotEquals(Assert.java:1578)
at org.testng.Assert.assertEqualsImpl(Assert.java:150)
at org.testng.Assert.assertEquals(Assert.java:132)
at org.testng.Assert.assertEquals(Assert.java:656)
at org.testng.Assert.assertEquals(Assert.java:666)
at stepDefinitions.BookHotelSteps.the_user_should_see_total_days_in_the_book_hotel_page_is_same_as_the_no_of_days_in_the_select_hotel_page(BookHotelSteps.java:227)
at ✽.the user should see total days in the Book hotel page is same as the no of days in the Select Hotel page(file:///C:/Users/srava/git/repository2/Adactin_CucumberFramework/src/test/java/features/BookHotel.feature:45)
]]>
    </failure>
  </testcase> <!-- runScenario -->
  <testcase classname="io.cucumber.testng.AbstractTestNGCucumberTests" name="runScenario" time="32.376">
    <failure type="java.lang.AssertionError" message="expected [null] but found [AUD $ 125]">
      <![CDATA[java.lang.AssertionError: expected [null] but found [AUD $ 125]
at org.testng.Assert.fail(Assert.java:111)
at org.testng.Assert.failNotEquals(Assert.java:1578)
at org.testng.Assert.assertEqualsImpl(Assert.java:150)
at org.testng.Assert.assertEquals(Assert.java:132)
at org.testng.Assert.assertEquals(Assert.java:656)
at org.testng.Assert.assertEquals(Assert.java:666)
at stepDefinitions.BookingConfirmationSteps.the_user_should_see_price_per_night_in_the_booking_confirmation_page_is_same_as_the_price_per_night_in_the_book_hotel_page(BookingConfirmationSteps.java:95)
at ✽.the user should see price per night in the Booking Confirmation page is same as the price per night in the Book Hotel page(file:///C:/Users/srava/git/repository2/Adactin_CucumberFramework/src/test/java/features/BookingConfirmation.feature:57)
]]>
    </failure>
  </testcase> <!-- runScenario -->
  <testcase classname="io.cucumber.testng.AbstractTestNGCucumberTests" name="runScenario" time="32.513"/>
</testsuite> <!-- Default test -->
