<?xml version="1.0" encoding="UTF-8"?>
<testng-results ignored="0" total="4" passed="1" failed="3" skipped="0">
  <reporter-output>
  </reporter-output>
  <suite started-at="2025-01-10T15:43:28 AEDT" name="Default suite" finished-at="2025-01-10T15:43:55 AEDT" duration-ms="26678">
    <groups>
      <group name="cucumber">
        <method signature="AbstractTestNGCucumberTests.runScenario(io.cucumber.testng.PickleWrapper,io.cucumber.testng.FeatureWrapper)[pri:0, instance:cucumberOptions.FailedTestRunner@740fb309]" name="runScenario" class="io.cucumber.testng.AbstractTestNGCucumberTests"/>
      </group> <!-- cucumber -->
    </groups>
    <test started-at="2025-01-10T15:43:28 AEDT" name="Default test" finished-at="2025-01-10T15:43:55 AEDT" duration-ms="26678">
      <class name="cucumberOptions.FailedTestRunner">
        <test-method is-config="true" signature="setUpClass(org.testng.ITestContext)[pri:0, instance:cucumberOptions.FailedTestRunner@740fb309]" started-at="2025-01-10T15:43:28 AEDT" name="setUpClass" finished-at="2025-01-10T15:43:29 AEDT" duration-ms="1195" status="PASS">
          <params>
            <param index="0">
              <value>
                <![CDATA[org.testng.TestRunner@1dd74143]]>
              </value>
            </param>
          </params>
          <reporter-output>
          </reporter-output>
        </test-method> <!-- setUpClass -->
        <test-method signature="runScenario(io.cucumber.testng.PickleWrapper,io.cucumber.testng.FeatureWrapper)[pri:0, instance:cucumberOptions.FailedTestRunner@740fb309]" started-at="2025-01-10T15:43:29 AEDT" name="runScenario" description="Runs Cucumber Scenarios" data-provider="scenarios" finished-at="2025-01-10T15:43:49 AEDT" duration-ms="19861" status="PASS">
          <params>
            <param index="0">
              <value>
                <![CDATA["User sees all the fields"]]>
              </value>
            </param>
            <param index="1">
              <value>
                <![CDATA["Book Confirmation Page functionality"]]>
              </value>
            </param>
          </params>
          <reporter-output>
          </reporter-output>
        </test-method> <!-- runScenario -->
        <test-method signature="runScenario(io.cucumber.testng.PickleWrapper,io.cucumber.testng.FeatureWrapper)[pri:0, instance:cucumberOptions.FailedTestRunner@740fb309]" started-at="2025-01-10T15:43:29 AEDT" name="runScenario" description="Runs Cucumber Scenarios" data-provider="scenarios" finished-at="2025-01-10T15:43:44 AEDT" duration-ms="14649" status="FAIL">
          <params>
            <param index="0">
              <value>
                <![CDATA["User sees the fields with pre-filled data"]]>
              </value>
            </param>
            <param index="1">
              <value>
                <![CDATA["Book A Hotel Page functionality"]]>
              </value>
            </param>
          </params>
          <exception class="java.lang.AssertionError">
            <message>
              <![CDATA[expected [null] but found [4 Day(s)]]]>
            </message>
            <full-stacktrace>
              <![CDATA[java.lang.AssertionError: expected [null] but found [4 Day(s)]
at org.testng.Assert.fail(Assert.java:111)
at org.testng.Assert.failNotEquals(Assert.java:1578)
at org.testng.Assert.assertEqualsImpl(Assert.java:150)
at org.testng.Assert.assertEquals(Assert.java:132)
at org.testng.Assert.assertEquals(Assert.java:656)
at org.testng.Assert.assertEquals(Assert.java:666)
at stepDefinitions.BookHotelSteps.the_user_should_see_total_days_in_the_book_hotel_page_is_same_as_the_no_of_days_in_the_select_hotel_page(BookHotelSteps.java:219)
at ✽.the user should see total days in the Book hotel page is same as the no of days in the Select Hotel page(file:///C:/Users/srava/git/repository2/Adactin_CucumberFramework/src/test/java/features/BookHotel.feature:53)
]]>
            </full-stacktrace>
          </exception> <!-- java.lang.AssertionError -->
          <reporter-output>
          </reporter-output>
        </test-method> <!-- runScenario -->
        <test-method signature="runScenario(io.cucumber.testng.PickleWrapper,io.cucumber.testng.FeatureWrapper)[pri:0, instance:cucumberOptions.FailedTestRunner@740fb309]" started-at="2025-01-10T15:43:29 AEDT" name="runScenario" description="Runs Cucumber Scenarios" data-provider="scenarios" finished-at="2025-01-10T15:43:42 AEDT" duration-ms="12529" status="FAIL">
          <params>
            <param index="0">
              <value>
                <![CDATA["User clicks on "Checkbox" column"]]>
              </value>
            </param>
            <param index="1">
              <value>
                <![CDATA["Booked Itinerary Page functionality"]]>
              </value>
            </param>
          </params>
          <exception class="java.lang.AssertionError">
            <message>
              <![CDATA[expected [true] but found [false]]]>
            </message>
            <full-stacktrace>
              <![CDATA[java.lang.AssertionError: expected [true] but found [false]
at org.testng.Assert.fail(Assert.java:111)
at org.testng.Assert.failNotEquals(Assert.java:1578)
at org.testng.Assert.assertTrue(Assert.java:57)
at org.testng.Assert.assertTrue(Assert.java:67)
at stepDefinitions.BookedItinerarySteps.all_checkboxes_should_be_selected(BookedItinerarySteps.java:197)
at ✽.all checkboxes should be selected(file:///C:/Users/srava/git/repository2/Adactin_CucumberFramework/src/test/java/features/BookedItinerary.feature:58)
]]>
            </full-stacktrace>
          </exception> <!-- java.lang.AssertionError -->
          <reporter-output>
          </reporter-output>
        </test-method> <!-- runScenario -->
        <test-method signature="runScenario(io.cucumber.testng.PickleWrapper,io.cucumber.testng.FeatureWrapper)[pri:0, instance:cucumberOptions.FailedTestRunner@740fb309]" started-at="2025-01-10T15:43:29 AEDT" name="runScenario" description="Runs Cucumber Scenarios" data-provider="scenarios" finished-at="2025-01-10T15:43:49 AEDT" duration-ms="19366" status="FAIL">
          <params>
            <param index="0">
              <value>
                <![CDATA["User sees the fields with pre-filled data"]]>
              </value>
            </param>
            <param index="1">
              <value>
                <![CDATA["Book Confirmation Page functionality"]]>
              </value>
            </param>
          </params>
          <exception class="java.lang.AssertionError">
            <message>
              <![CDATA[expected [null] but found [AUD $ 125]]]>
            </message>
            <full-stacktrace>
              <![CDATA[java.lang.AssertionError: expected [null] but found [AUD $ 125]
at org.testng.Assert.fail(Assert.java:111)
at org.testng.Assert.failNotEquals(Assert.java:1578)
at org.testng.Assert.assertEqualsImpl(Assert.java:150)
at org.testng.Assert.assertEquals(Assert.java:132)
at org.testng.Assert.assertEquals(Assert.java:656)
at org.testng.Assert.assertEquals(Assert.java:666)
at stepDefinitions.BookingConfirmationSteps.the_user_should_see_price_per_night_in_the_booking_confirmation_page_is_same_as_the_price_per_night_in_the_book_hotel_page(BookingConfirmationSteps.java:94)
at ✽.the user should see price per night in the Booking Confirmation page is same as the price per night in the Book Hotel page(file:///C:/Users/srava/git/repository2/Adactin_CucumberFramework/src/test/java/features/BookingConfirmation.feature:57)
]]>
            </full-stacktrace>
          </exception> <!-- java.lang.AssertionError -->
          <reporter-output>
          </reporter-output>
        </test-method> <!-- runScenario -->
        <test-method is-config="true" signature="tearDownClass()[pri:0, instance:cucumberOptions.FailedTestRunner@740fb309]" started-at="2025-01-10T15:43:49 AEDT" name="tearDownClass" finished-at="2025-01-10T15:43:55 AEDT" duration-ms="5554" status="PASS">
          <reporter-output>
          </reporter-output>
        </test-method> <!-- tearDownClass -->
      </class> <!-- cucumberOptions.FailedTestRunner -->
    </test> <!-- Default test -->
  </suite> <!-- Default suite -->
</testng-results>
