<?xml version="1.0" encoding="UTF-8"?>
<testng-results ignored="0" total="1" passed="1" failed="0" skipped="0">
  <reporter-output>
  </reporter-output>
  <suite started-at="2025-01-13T19:42:30 AEDT" name="Default suite" finished-at="2025-01-13T19:42:57 AEDT" duration-ms="27242">
    <groups>
      <group name="cucumber">
        <method signature="AbstractTestNGCucumberTests.runScenario(io.cucumber.testng.PickleWrapper,io.cucumber.testng.FeatureWrapper)[pri:0, instance:cucumberOptions.FailedTestRunner@740fb309]" name="runScenario" class="io.cucumber.testng.AbstractTestNGCucumberTests"/>
      </group> <!-- cucumber -->
    </groups>
    <test started-at="2025-01-13T19:42:30 AEDT" name="Default test" finished-at="2025-01-13T19:42:57 AEDT" duration-ms="27242">
      <class name="cucumberOptions.FailedTestRunner">
        <test-method is-config="true" signature="setUpClass(org.testng.ITestContext)[pri:0, instance:cucumberOptions.FailedTestRunner@740fb309]" started-at="2025-01-13T19:42:30 AEDT" name="setUpClass" finished-at="2025-01-13T19:42:31 AEDT" duration-ms="1175" status="PASS">
          <params>
            <param index="0">
              <value>
                <![CDATA[org.testng.TestRunner@3003827c]]>
              </value>
            </param>
          </params>
          <reporter-output>
          </reporter-output>
        </test-method> <!-- setUpClass -->
        <test-method signature="runScenario(io.cucumber.testng.PickleWrapper,io.cucumber.testng.FeatureWrapper)[pri:0, instance:cucumberOptions.FailedTestRunner@740fb309]" started-at="2025-01-13T19:42:31 AEDT" name="runScenario" description="Runs Cucumber Scenarios" data-provider="scenarios" finished-at="2025-01-13T19:42:53 AEDT" duration-ms="22248" status="PASS">
          <params>
            <param index="0">
              <value>
                <![CDATA["User clicks on "My Itinerary" button"]]>
              </value>
            </param>
            <param index="1">
              <value>
                <![CDATA["Book Confirmation Page functionality"]]>
              </value>
            </param>
          </params>
          <reporter-output>
          </reporter-output>
        </test-method> <!-- runScenario -->
        <test-method is-config="true" signature="tearDownClass()[pri:0, instance:cucumberOptions.FailedTestRunner@740fb309]" started-at="2025-01-13T19:42:53 AEDT" name="tearDownClass" finished-at="2025-01-13T19:42:57 AEDT" duration-ms="3754" status="PASS">
          <reporter-output>
          </reporter-output>
        </test-method> <!-- tearDownClass -->
      </class> <!-- cucumberOptions.FailedTestRunner -->
    </test> <!-- Default test -->
  </suite> <!-- Default suite -->
</testng-results>
