<?xml version="1.0" encoding="UTF-8"?>
<!-- Generated by org.testng.reporters.JUnitReportReporter -->
<testsuite hostname="LAPTOP-B3BO35C9" failures="0" tests="67" name="cucumberOptions.TestNGTestRunner" time="1153.403" errors="1" timestamp="2025-01-13T19:42:10 AEDT" skipped="0">
  <testcase classname="cucumberOptions.TestNGTestRunner" name="runScenario" time="26.183">
    <error message="no such element: Unable to locate element: {&quot;method&quot;:&quot;xpath&quot;,&quot;selector&quot;:&quot;//input[@id=&#039;my_itinerary&#039;]&quot;}
  (Session info: chrome=131.0.6778.265)
For documentation on this error, please visit: https://www.selenium.dev/documentation/webdriver/troubleshooting/errors#no-such-element-exception
Build info: version: &#039;4.27.0&#039;, revision: &#039;d6e718d134&#039;
System info: os.name: &#039;Windows 11&#039;, os.arch: &#039;amd64&#039;, os.version: &#039;10.0&#039;, java.version: &#039;21.0.3&#039;
Driver info: org.openqa.selenium.chrome.ChromeDriver
Command: [3ee98473918b5f2d20562986a2ba1763, findElement {using=xpath, value=//input[@id=&#039;my_itinerary&#039;]}]
Capabilities {acceptInsecureCerts: false, browserName: chrome, browserVersion: 131.0.6778.265, chrome: {chromedriverVersion: 131.0.6778.69 (77e2244bbcda..., userDataDir: C:\Users\srava\AppData\Loca...}, fedcm:accounts: true, goog:chromeOptions: {debuggerAddress: localhost:52188}, networkConnectionEnabled: false, pageLoadStrategy: normal, platformName: windows, proxy: Proxy(), se:cdp: ws://localhost:52188/devtoo..., se:cdpVersion: 131.0.6778.265, setWindowRect: true, strictFileInteractability: false, timeouts: {implicit: 0, pageLoad: 300000, script: 30000}, unhandledPromptBehavior: dismiss and notify, webauthn:extension:credBlob: true, webauthn:extension:largeBlob: true, webauthn:extension:minPinLength: true, webauthn:extension:prf: true, webauthn:virtualAuthenticators: true}
Session ID: 3ee98473918b5f2d20562986a2ba1763" type="org.openqa.selenium.NoSuchElementException">
      <![CDATA[org.openqa.selenium.NoSuchElementException: no such element: Unable to locate element: {"method":"xpath","selector":"//input[@id='my_itinerary']"}
  (Session info: chrome=131.0.6778.265)
For documentation on this error, please visit: https://www.selenium.dev/documentation/webdriver/troubleshooting/errors#no-such-element-exception
Build info: version: '4.27.0', revision: 'd6e718d134'
System info: os.name: 'Windows 11', os.arch: 'amd64', os.version: '10.0', java.version: '21.0.3'
Driver info: org.openqa.selenium.chrome.ChromeDriver
Command: [3ee98473918b5f2d20562986a2ba1763, findElement {using=xpath, value=//input[@id='my_itinerary']}]
Capabilities {acceptInsecureCerts: false, browserName: chrome, browserVersion: 131.0.6778.265, chrome: {chromedriverVersion: 131.0.6778.69 (77e2244bbcda..., userDataDir: C:\Users\srava\AppData\Loca...}, fedcm:accounts: true, goog:chromeOptions: {debuggerAddress: localhost:52188}, networkConnectionEnabled: false, pageLoadStrategy: normal, platformName: windows, proxy: Proxy(), se:cdp: ws://localhost:52188/devtoo..., se:cdpVersion: 131.0.6778.265, setWindowRect: true, strictFileInteractability: false, timeouts: {implicit: 0, pageLoad: 300000, script: 30000}, unhandledPromptBehavior: dismiss and notify, webauthn:extension:credBlob: true, webauthn:extension:largeBlob: true, webauthn:extension:minPinLength: true, webauthn:extension:prf: true, webauthn:virtualAuthenticators: true}
Session ID: 3ee98473918b5f2d20562986a2ba1763
at java.base/jdk.internal.reflect.DirectConstructorHandleAccessor.newInstance(DirectConstructorHandleAccessor.java:62)
at java.base/java.lang.reflect.Constructor.newInstanceWithCaller(Constructor.java:502)
at java.base/java.lang.reflect.Constructor.newInstance(Constructor.java:486)
at org.openqa.selenium.remote.ErrorCodec.decode(ErrorCodec.java:167)
at org.openqa.selenium.remote.codec.w3c.W3CHttpResponseCodec.decode(W3CHttpResponseCodec.java:138)
at org.openqa.selenium.remote.codec.w3c.W3CHttpResponseCodec.decode(W3CHttpResponseCodec.java:50)
at org.openqa.selenium.remote.HttpCommandExecutor.execute(HttpCommandExecutor.java:190)
at org.openqa.selenium.remote.service.DriverCommandExecutor.invokeExecute(DriverCommandExecutor.java:216)
at org.openqa.selenium.remote.service.DriverCommandExecutor.execute(DriverCommandExecutor.java:174)
at org.openqa.selenium.remote.RemoteWebDriver.execute(RemoteWebDriver.java:545)
at org.openqa.selenium.remote.ElementLocation$ElementFinder$2.findElement(ElementLocation.java:165)
at org.openqa.selenium.remote.ElementLocation.findElement(ElementLocation.java:59)
at org.openqa.selenium.remote.RemoteWebDriver.findElement(RemoteWebDriver.java:368)
at org.openqa.selenium.remote.RemoteWebDriver.findElement(RemoteWebDriver.java:362)
at org.openqa.selenium.support.pagefactory.DefaultElementLocator.findElement(DefaultElementLocator.java:68)
at org.openqa.selenium.support.pagefactory.internal.LocatingElementHandler.invoke(LocatingElementHandler.java:38)
at jdk.proxy2/jdk.proxy2.$Proxy27.click(Unknown Source)
at pageObjects.BookingConfirmationPage.clickMyItineraryButton(BookingConfirmationPage.java:288)
at stepDefinitions.BookingConfirmationSteps.the_user_clicks_on_the_my_itinerary_button_in_booking_confirmation_page(BookingConfirmationSteps.java:319)
at ✽.the user clicks on the My Itinerary button in booking confirmation page(file:///C:/Users/srava/git/repository2/Adactin_CucumberFramework/src/test/java/features/BookingConfirmation.feature:84)
]]>
    </error>
  </testcase> <!-- runScenario -->
  <testcase classname="cucumberOptions.TestNGTestRunner" name="runScenario" time="7.281"/>
  <testcase classname="cucumberOptions.TestNGTestRunner" name="runScenario" time="12.963"/>
  <testcase classname="cucumberOptions.TestNGTestRunner" name="runScenario" time="25.525"/>
  <testcase classname="cucumberOptions.TestNGTestRunner" name="runScenario" time="9.346"/>
  <testcase classname="cucumberOptions.TestNGTestRunner" name="runScenario" time="11.187"/>
  <testcase classname="cucumberOptions.TestNGTestRunner" name="runScenario" time="19.715"/>
  <testcase classname="cucumberOptions.TestNGTestRunner" name="runScenario" time="12.026"/>
  <testcase classname="cucumberOptions.TestNGTestRunner" name="runScenario" time="4.636"/>
  <testcase classname="cucumberOptions.TestNGTestRunner" name="runScenario" time="27.904"/>
  <testcase classname="cucumberOptions.TestNGTestRunner" name="runScenario" time="19.355"/>
  <testcase classname="cucumberOptions.TestNGTestRunner" name="runScenario" time="12.335"/>
  <testcase classname="cucumberOptions.TestNGTestRunner" name="runScenario" time="13.677"/>
  <testcase classname="cucumberOptions.TestNGTestRunner" name="runScenario" time="21.269"/>
  <testcase classname="cucumberOptions.TestNGTestRunner" name="runScenario" time="23.588"/>
  <testcase classname="cucumberOptions.TestNGTestRunner" name="runScenario" time="22.218"/>
  <testcase classname="cucumberOptions.TestNGTestRunner" name="runScenario" time="22.262"/>
  <testcase classname="cucumberOptions.TestNGTestRunner" name="runScenario" time="27.715"/>
  <testcase classname="cucumberOptions.TestNGTestRunner" name="runScenario" time="21.264"/>
  <testcase classname="cucumberOptions.TestNGTestRunner" name="runScenario" time="24.237"/>
  <testcase classname="cucumberOptions.TestNGTestRunner" name="runScenario" time="10.825"/>
  <testcase classname="cucumberOptions.TestNGTestRunner" name="runScenario" time="11.002"/>
  <testcase classname="cucumberOptions.TestNGTestRunner" name="runScenario" time="17.285"/>
  <testcase classname="cucumberOptions.TestNGTestRunner" name="runScenario" time="14.065"/>
  <testcase classname="cucumberOptions.TestNGTestRunner" name="runScenario" time="10.560"/>
  <testcase classname="cucumberOptions.TestNGTestRunner" name="runScenario" time="10.382"/>
  <testcase classname="cucumberOptions.TestNGTestRunner" name="runScenario" time="10.081"/>
  <testcase classname="cucumberOptions.TestNGTestRunner" name="runScenario" time="10.840"/>
  <testcase classname="cucumberOptions.TestNGTestRunner" name="runScenario" time="10.031"/>
  <testcase classname="cucumberOptions.TestNGTestRunner" name="runScenario" time="9.591"/>
  <testcase classname="cucumberOptions.TestNGTestRunner" name="runScenario" time="12.471"/>
  <testcase classname="cucumberOptions.TestNGTestRunner" name="runScenario" time="32.310"/>
  <testcase classname="cucumberOptions.TestNGTestRunner" name="runScenario" time="15.267"/>
  <testcase classname="cucumberOptions.TestNGTestRunner" name="runScenario" time="12.213"/>
  <testcase classname="cucumberOptions.TestNGTestRunner" name="runScenario" time="27.399"/>
  <testcase classname="cucumberOptions.TestNGTestRunner" name="runScenario" time="10.237"/>
  <testcase classname="cucumberOptions.TestNGTestRunner" name="runScenario" time="24.621"/>
  <testcase classname="cucumberOptions.TestNGTestRunner" name="runScenario" time="25.137"/>
  <testcase classname="cucumberOptions.TestNGTestRunner" name="runScenario" time="12.884"/>
  <testcase classname="cucumberOptions.TestNGTestRunner" name="runScenario" time="18.519"/>
  <testcase classname="cucumberOptions.TestNGTestRunner" name="runScenario" time="9.243"/>
  <testcase classname="cucumberOptions.TestNGTestRunner" name="runScenario" time="29.978"/>
  <testcase classname="cucumberOptions.TestNGTestRunner" name="runScenario" time="13.806"/>
  <testcase classname="cucumberOptions.TestNGTestRunner" name="runScenario" time="9.400"/>
  <testcase classname="cucumberOptions.TestNGTestRunner" name="runScenario" time="23.402"/>
  <testcase classname="cucumberOptions.TestNGTestRunner" name="runScenario" time="12.277"/>
  <testcase classname="cucumberOptions.TestNGTestRunner" name="runScenario" time="16.992"/>
  <testcase classname="cucumberOptions.TestNGTestRunner" name="runScenario" time="22.969"/>
  <testcase classname="cucumberOptions.TestNGTestRunner" name="runScenario" time="12.645"/>
  <testcase classname="cucumberOptions.TestNGTestRunner" name="runScenario" time="43.989"/>
  <testcase classname="cucumberOptions.TestNGTestRunner" name="runScenario" time="11.538"/>
  <testcase classname="cucumberOptions.TestNGTestRunner" name="runScenario" time="10.422"/>
  <testcase classname="cucumberOptions.TestNGTestRunner" name="runScenario" time="9.199"/>
  <testcase classname="cucumberOptions.TestNGTestRunner" name="runScenario" time="11.340"/>
  <testcase classname="cucumberOptions.TestNGTestRunner" name="runScenario" time="20.853"/>
  <testcase classname="cucumberOptions.TestNGTestRunner" name="runScenario" time="32.506"/>
  <testcase classname="cucumberOptions.TestNGTestRunner" name="runScenario" time="18.838"/>
  <testcase classname="cucumberOptions.TestNGTestRunner" name="runScenario" time="14.909"/>
  <testcase classname="cucumberOptions.TestNGTestRunner" name="runScenario" time="11.390"/>
  <testcase classname="cucumberOptions.TestNGTestRunner" name="runScenario" time="20.115"/>
  <testcase classname="cucumberOptions.TestNGTestRunner" name="runScenario" time="24.603"/>
  <testcase classname="cucumberOptions.TestNGTestRunner" name="runScenario" time="18.530"/>
  <testcase classname="cucumberOptions.TestNGTestRunner" name="runScenario" time="22.010"/>
  <testcase classname="cucumberOptions.TestNGTestRunner" name="runScenario" time="17.322"/>
  <testcase classname="cucumberOptions.TestNGTestRunner" name="runScenario" time="17.961"/>
  <testcase classname="cucumberOptions.TestNGTestRunner" name="runScenario" time="15.506"/>
  <testcase classname="cucumberOptions.TestNGTestRunner" name="runScenario" time="11.254"/>
</testsuite> <!-- cucumberOptions.TestNGTestRunner -->
